Using `use_fast=True` but `torchvision` is not available. Falling back to the slow image processor.
2025-12-15 00:38:36,617 - tinker.lib.public_interfaces.service_client - INFO - ServiceClient initialized for session 8e1b83ff-f809-588a-84fd-fc7c5ad718e8
2025-12-15 00:39:49,478 - tinker.lib.public_interfaces.service_client - INFO - TrainingClient initialized for model 8e1b83ff-f809-588a-84fd-fc7c5ad718e8:train:0
2025-12-15 00:39:52,785 - __main__ - INFO - Loaded checkpoint: tinker://93aa6903-4d94-5f18-9eae-11a0b1e564f9:train:0/weights/final
2025-12-15 00:39:52,788 - __main__ - INFO - Viz dashboard: http://localhost:3001/live/5c754974
2025-12-15 00:41:10,880 - geospot.data.streaming - INFO - Loaded 11088 shards from manifest
2025-12-15 00:41:10,882 - geospot.data.streaming - INFO - Found 11088 shards
2025-12-15 00:41:10,887 - geospot.data.streaming - INFO - Using 50 shards
2025-12-15 00:46:11,945 - __main__ - INFO - Step 0: reward=0.530, dist=1892km, tau=2000, datums=2048, skipped=0, time=379.2s
2025-12-15 00:52:33,359 - __main__ - INFO - Step 1: reward=0.604, dist=1236km, tau=1829, datums=2048, skipped=0, time=381.4s
2025-12-15 00:59:46,719 - __main__ - INFO - Step 2: reward=0.735, dist=737km, tau=1672, datums=2048, skipped=0, time=433.4s
2025-12-15 01:06:36,872 - __main__ - INFO - Step 3: reward=0.637, dist=1066km, tau=1529, datums=2048, skipped=0, time=410.1s
2025-12-15 01:15:38,261 - __main__ - INFO - Step 4: reward=0.594, dist=1115km, tau=1399, datums=2048, skipped=0, time=541.4s
2025-12-15 01:22:50,638 - __main__ - INFO - Step 5: reward=0.573, dist=1642km, tau=1279, datums=2048, skipped=0, time=432.4s
Traceback (most recent call last):
  File "/Users/sdan/.local/share/uv/python/cpython-3.12.10-macos-aarch64-none/lib/python3.12/asyncio/runners.py", line 118, in run
    return self._loop.run_until_complete(task)
           ^^^^^^^^^^^^^^^^^^^^^^^^^^^^^^^^^^^
  File "/Users/sdan/.local/share/uv/python/cpython-3.12.10-macos-aarch64-none/lib/python3.12/asyncio/base_events.py", line 691, in run_until_complete
    return future.result()
           ^^^^^^^^^^^^^^^
  File "/Users/sdan/Developer/geospot-vlm/geospot/train.py", line 226, in run_training
    all_samples: list[list[tuple[list[int], list[float]]]] = await asyncio.gather(
                                                             ^^^^^^^^^^^^^^^^^^^^^
  File "/Users/sdan/Developer/geospot-vlm/geospot/train.py", line 97, in sample_group
    )

  File "/Users/sdan/Developer/geospot-vlm/.venv/lib/python3.12/site-packages/tinker/lib/public_interfaces/sampling_client.py", line 249, in sample_async
    return await AwaitableConcurrentFuture(
           ^^^^^^^^^^^^^^^^^^^^^^^^^^^^^^^^
  File "/Users/sdan/Developer/geospot-vlm/.venv/lib/python3.12/site-packages/tinker/lib/public_interfaces/api_future.py", line 132, in result_async
    return await asyncio.wrap_future(self._future)
           ^^^^^^^^^^^^^^^^^^^^^^^^^^^^^^^^^^^^^^^
asyncio.exceptions.CancelledError

During handling of the above exception, another exception occurred:

Traceback (most recent call last):
  File "<frozen runpy>", line 198, in _run_module_as_main
  File "<frozen runpy>", line 88, in _run_code
  File "/Users/sdan/Developer/geospot-vlm/geospot/train.py", line 382, in <module>
    chz.nested_entrypoint(main)
  File "/Users/sdan/Developer/geospot-vlm/.venv/lib/python3.12/site-packages/chz/blueprint/_entrypoint.py", line 39, in inner
    return fn(*args, **kwargs)
           ^^^^^^^^^^^^^^^^^^^
  File "/Users/sdan/Developer/geospot-vlm/.venv/lib/python3.12/site-packages/chz/blueprint/_entrypoint.py", line 109, in nested_entrypoint
    return main(value)
           ^^^^^^^^^^^
  File "/Users/sdan/Developer/geospot-vlm/geospot/train.py", line 378, in main
    asyncio.run(run_training(cli))
  File "/Users/sdan/.local/share/uv/python/cpython-3.12.10-macos-aarch64-none/lib/python3.12/asyncio/runners.py", line 195, in run
    return runner.run(main)
           ^^^^^^^^^^^^^^^^
  File "/Users/sdan/.local/share/uv/python/cpython-3.12.10-macos-aarch64-none/lib/python3.12/asyncio/runners.py", line 123, in run
    raise KeyboardInterrupt()
KeyboardInterrupt
